<?xml version="1.0" encoding="UTF-8"?>
<!-- Generated by org.testng.reporters.JUnitReportReporter -->
<testsuite hostname="LAPTOP-I1SP28VM" failures="0" tests="9" name="com.flipkart.testing.TestPages.AboutUsTest" time="0.000" errors="0" timestamp="2020-09-14T03:05:47 IST" skipped="9">
  <testcase classname="com.flipkart.testing.TestPages.AboutUsTest" name="aboutUsTitleTest" time="0.000">
    <skipped/>
  </testcase> <!-- aboutUsTitleTest -->
  <system-out/>
  <testcase classname="com.flipkart.testing.TestPages.AboutUsTest" name="flipkartStoryImgTest" time="0.000">
    <skipped/>
  </testcase> <!-- flipkartStoryImgTest -->
  <system-out/>
  <testcase classname="com.flipkart.testing.TestPages.AboutUsTest" name="launchDetailImgTest" time="0.000">
    <skipped/>
  </testcase> <!-- launchDetailImgTest -->
  <system-out/>
  <testcase classname="com.flipkart.testing.TestPages.AboutUsTest" name="objimgTest" time="0.000">
    <skipped/>
  </testcase> <!-- objimgTest -->
  <system-out/>
  <testcase classname="com.flipkart.testing.TestPages.AboutUsTest" name="startBy2ImgTest" time="0.000">
    <skipped/>
  </testcase> <!-- startBy2ImgTest -->
  <system-out/>
  <testcase classname="com.flipkart.testing.TestPages.AboutUsTest" name="detaiImgTest" time="0.000">
    <skipped/>
  </testcase> <!-- detaiImgTest -->
  <system-out/>
  <testcase classname="com.flipkart.testing.TestPages.AboutUsTest" name="growthImgTest" time="0.000">
    <skipped/>
  </testcase> <!-- growthImgTest -->
  <system-out/>
  <testcase classname="com.flipkart.testing.TestPages.AboutUsTest" name="globalImgTest" time="0.000">
    <skipped/>
  </testcase> <!-- globalImgTest -->
  <system-out/>
  <testcase classname="com.flipkart.testing.TestPages.AboutUsTest" name="mailUsTest" time="0.000">
    <skipped/>
  </testcase> <!-- mailUsTest -->
  <system-out/>
</testsuite> <!-- com.flipkart.testing.TestPages.AboutUsTest -->
