<?xml version="1.0" encoding="UTF-8"?>
<!-- Generated by org.testng.reporters.JUnitReportReporter -->
<testsuite hostname="LAPTOP-I1SP28VM" failures="0" tests="7" name="com.flipkart.testing.TestPages.GoogleNestMini.GoogleNestMINIProductTest" time="37.301" errors="0" timestamp="2020-08-23T14:26:04 IST" skipped="0">
  <testcase classname="com.flipkart.testing.TestPages.GoogleNestMini.GoogleNestMINIProductTest" name="TitleVerifyTest" time="9.310"/>
  <system-out/>
  <testcase classname="com.flipkart.testing.TestPages.GoogleNestMini.GoogleNestMINIProductTest" name="pageVerify" time="0.028"/>
  <system-out/>
  <testcase classname="com.flipkart.testing.TestPages.GoogleNestMini.GoogleNestMINIProductTest" name="ColorSelectionTest" time="2.386"/>
  <system-out/>
  <testcase classname="com.flipkart.testing.TestPages.GoogleNestMini.GoogleNestMINIProductTest" name="googleNestminiFeatureImgProductVerifyTest" time="12.395"/>
  <system-out/>
  <testcase classname="com.flipkart.testing.TestPages.GoogleNestMini.GoogleNestMINIProductTest" name="pageVerifygoogleNestminiFeatureImgProductVerifyTest" time="0.017"/>
  <system-out/>
  <testcase classname="com.flipkart.testing.TestPages.GoogleNestMini.GoogleNestMINIProductTest" name="ColorSelectiongoogleNestminiFeatureImgProductVerifyTest" time="2.343"/>
  <system-out/>
  <testcase classname="com.flipkart.testing.TestPages.GoogleNestMini.GoogleNestMINIProductTest" name="BuyProduct_googleNestminiVerifyTest" time="10.822"/>
  <system-out/>
</testsuite> <!-- com.flipkart.testing.TestPages.GoogleNestMini.GoogleNestMINIProductTest -->
