<?xml version="1.0" encoding="UTF-8"?>
<!-- Generated by org.testng.reporters.JUnitReportReporter -->
<testsuite hostname="LAPTOP-I1SP28VM" failures="0" tests="2" name="com.flipkart.testing.TestPages.MobileTest" time="0.000" errors="0" timestamp="2020-09-14T03:05:47 IST" skipped="2">
  <testcase classname="com.flipkart.testing.TestPages.MobileTest" name="IphonenavigationTest" time="0.000">
    <skipped/>
  </testcase> <!-- IphonenavigationTest -->
  <system-out/>
  <testcase classname="com.flipkart.testing.TestPages.MobileTest" name="test" time="0.000">
    <skipped/>
  </testcase> <!-- test -->
  <system-out/>
</testsuite> <!-- com.flipkart.testing.TestPages.MobileTest -->
