<?xml version="1.0" encoding="UTF-8"?>
<!-- Generated by org.testng.reporters.JUnitReportReporter -->
<testsuite hostname="LAPTOP-I1SP28VM" failures="0" tests="7" name="com.flipkart.testing.TestPages.GoogleNestMini.GoogleNestMINIProductTest" time="0.000" errors="0" timestamp="2020-09-14T03:05:47 IST" skipped="7">
  <testcase classname="com.flipkart.testing.TestPages.GoogleNestMini.GoogleNestMINIProductTest" name="TitleVerifyTest" time="0.000">
    <skipped/>
  </testcase> <!-- TitleVerifyTest -->
  <system-out/>
  <testcase classname="com.flipkart.testing.TestPages.GoogleNestMini.GoogleNestMINIProductTest" name="pageVerify" time="0.000">
    <skipped/>
  </testcase> <!-- pageVerify -->
  <system-out/>
  <testcase classname="com.flipkart.testing.TestPages.GoogleNestMini.GoogleNestMINIProductTest" name="ColorSelectionTest" time="0.000">
    <skipped/>
  </testcase> <!-- ColorSelectionTest -->
  <system-out/>
  <testcase classname="com.flipkart.testing.TestPages.GoogleNestMini.GoogleNestMINIProductTest" name="googleNestminiFeatureImgProductVerifyTest" time="0.000">
    <skipped/>
  </testcase> <!-- googleNestminiFeatureImgProductVerifyTest -->
  <system-out/>
  <testcase classname="com.flipkart.testing.TestPages.GoogleNestMini.GoogleNestMINIProductTest" name="pageVerifygoogleNestminiFeatureImgProductVerifyTest" time="0.000">
    <skipped/>
  </testcase> <!-- pageVerifygoogleNestminiFeatureImgProductVerifyTest -->
  <system-out/>
  <testcase classname="com.flipkart.testing.TestPages.GoogleNestMini.GoogleNestMINIProductTest" name="ColorSelectiongoogleNestminiFeatureImgProductVerifyTest" time="0.000">
    <skipped/>
  </testcase> <!-- ColorSelectiongoogleNestminiFeatureImgProductVerifyTest -->
  <system-out/>
  <testcase classname="com.flipkart.testing.TestPages.GoogleNestMini.GoogleNestMINIProductTest" name="BuyProduct_googleNestminiVerifyTest" time="0.000">
    <skipped/>
  </testcase> <!-- BuyProduct_googleNestminiVerifyTest -->
  <system-out/>
</testsuite> <!-- com.flipkart.testing.TestPages.GoogleNestMini.GoogleNestMINIProductTest -->
