<?xml version="1.0" encoding="UTF-8"?>
<!-- Generated by org.testng.reporters.JUnitReportReporter -->
<testsuite hostname="LAPTOP-I1SP28VM" failures="0" tests="9" name="com.flipkart.testing.TestPages.AboutUsTest" time="22.085" errors="0" timestamp="2020-08-22T00:01:31 IST" skipped="0">
  <testcase classname="com.flipkart.testing.TestPages.AboutUsTest" name="aboutUsTitleTest" time="0.012"/>
  <system-out/>
  <testcase classname="com.flipkart.testing.TestPages.AboutUsTest" name="flipkartStoryImgTest" time="3.335"/>
  <system-out/>
  <testcase classname="com.flipkart.testing.TestPages.AboutUsTest" name="launchDetailImgTest" time="2.246"/>
  <system-out/>
  <testcase classname="com.flipkart.testing.TestPages.AboutUsTest" name="objimgTest" time="3.194"/>
  <system-out/>
  <testcase classname="com.flipkart.testing.TestPages.AboutUsTest" name="startBy2ImgTest" time="3.192"/>
  <system-out/>
  <testcase classname="com.flipkart.testing.TestPages.AboutUsTest" name="detaiImgTest" time="3.366"/>
  <system-out/>
  <testcase classname="com.flipkart.testing.TestPages.AboutUsTest" name="growthImgTest" time="3.395"/>
  <system-out/>
  <testcase classname="com.flipkart.testing.TestPages.AboutUsTest" name="globalImgTest" time="3.301"/>
  <system-out/>
  <testcase classname="com.flipkart.testing.TestPages.AboutUsTest" name="mailUsTest" time="0.044"/>
  <system-out/>
</testsuite> <!-- com.flipkart.testing.TestPages.AboutUsTest -->
