<?xml version="1.0" encoding="UTF-8"?>
<!-- Generated by org.testng.reporters.JUnitReportReporter -->
<testsuite hostname="LAPTOP-I1SP28VM" failures="0" tests="6" name="com.flipkart.testing.TestPages.InvalidLoginTest" time="0.000" errors="0" timestamp="2020-09-14T03:05:47 IST" skipped="6">
  <testcase classname="com.flipkart.testing.TestPages.InvalidLoginTest" name="invalidTest1" time="0.000">
    <skipped/>
  </testcase> <!-- invalidTest1 -->
  <system-out/>
  <testcase classname="com.flipkart.testing.TestPages.InvalidLoginTest" name="invalidTest2" time="0.000">
    <skipped/>
  </testcase> <!-- invalidTest2 -->
  <system-out/>
  <testcase classname="com.flipkart.testing.TestPages.InvalidLoginTest" name="invalidTest3" time="0.000">
    <skipped/>
  </testcase> <!-- invalidTest3 -->
  <system-out/>
  <testcase classname="com.flipkart.testing.TestPages.InvalidLoginTest" name="invalidTest4" time="0.000">
    <skipped/>
  </testcase> <!-- invalidTest4 -->
  <system-out/>
  <testcase classname="com.flipkart.testing.TestPages.InvalidLoginTest" name="invalidTest5" time="0.000">
    <skipped/>
  </testcase> <!-- invalidTest5 -->
  <system-out/>
  <testcase classname="com.flipkart.testing.TestPages.InvalidLoginTest" name="invalidTest6" time="0.000">
    <skipped/>
  </testcase> <!-- invalidTest6 -->
  <system-out/>
</testsuite> <!-- com.flipkart.testing.TestPages.InvalidLoginTest -->
