<?xml version="1.0" encoding="UTF-8"?>
<!-- Generated by org.testng.reporters.JUnitReportReporter -->
<testsuite hostname="LAPTOP-I1SP28VM" failures="0" tests="1" name="com.flipkart.testing.TestPages.MicroSoft_Product.MicroSoft_Surface_6_Test" time="5.027" errors="0" timestamp="2020-08-29T10:38:22 IST" skipped="0">
  <testcase classname="com.flipkart.testing.TestPages.MicroSoft_Product.MicroSoft_Surface_6_Test" name="TitleVerify_Test" time="5.027"/>
  <system-out/>
</testsuite> <!-- com.flipkart.testing.TestPages.MicroSoft_Product.MicroSoft_Surface_6_Test -->
