<?xml version="1.0" encoding="UTF-8"?>
<!-- Generated by org.testng.reporters.JUnitReportReporter -->
<testsuite hostname="LAPTOP-I1SP28VM" failures="0" tests="4" name="com.flipkart.testing.TestPages.Men.Tshirts.Wrangler_TshirtTest" time="20.408" errors="0" timestamp="2020-08-30T16:03:08 IST" skipped="0">
  <testcase classname="com.flipkart.testing.TestPages.Men.Tshirts.Wrangler_TshirtTest" name="DetailVerify_Test" time="0.028"/>
  <system-out/>
  <testcase classname="com.flipkart.testing.TestPages.Men.Tshirts.Wrangler_TshirtTest" name="pageDetailVerify" time="0.015"/>
  <system-out/>
  <testcase classname="com.flipkart.testing.TestPages.Men.Tshirts.Wrangler_TshirtTest" name="BrandVerify_Test" time="3.190"/>
  <system-out/>
  <testcase classname="com.flipkart.testing.TestPages.Men.Tshirts.Wrangler_TshirtTest" name="BuyProduct" time="17.175"/>
  <system-out/>
</testsuite> <!-- com.flipkart.testing.TestPages.Men.Tshirts.Wrangler_TshirtTest -->
