<?xml version="1.0" encoding="UTF-8"?>
<!-- Generated by org.testng.reporters.JUnitReportReporter -->
<testsuite hostname="LAPTOP-I1SP28VM" failures="0" tests="7" name="MicroSoft_Product.MicroSoft_product_Test" time="18.510" errors="1" timestamp="2020-08-24T23:32:32 IST" skipped="0">
  <testcase classname="MicroSoft_Product.MicroSoft_product_Test" name="TitleTest" time="5.016"/>
  <system-out/>
  <testcase classname="MicroSoft_Product.MicroSoft_product_Test" name="PageVerifyTest" time="0.043"/>
  <system-out/>
  <testcase classname="MicroSoft_Product.MicroSoft_product_Test" name="Surface7ProImgVerify_Test" time="2.621"/>
  <system-out/>
  <testcase classname="MicroSoft_Product.MicroSoft_product_Test" name="AllSurfaceImgVerify_Test" time="2.098">
    <error message="Can&#039;t read input file!" type="javax.imageio.IIOException">
      <![CDATA[javax.imageio.IIOException: Can't read input file!
at java.desktop/javax.imageio.ImageIO.read(ImageIO.java:1308)
at com.flipkart.testing.Utility.TestUtil.TakeScreenShot(TestUtil.java:37)
at com.flipkart.testing.Pages.Electronics.Laptop.Microsoft_Surface.MicroSoftProducts.AllSurfaceImgVerify(MicroSoftProducts.java:49)
at MicroSoft_Product.MicroSoft_product_Test.AllSurfaceImgVerify_Test(MicroSoft_product_Test.java:58)
at java.base/jdk.internal.reflect.NativeMethodAccessorImpl.invoke0(Native Method)
at java.base/jdk.internal.reflect.NativeMethodAccessorImpl.invoke(NativeMethodAccessorImpl.java:62)
at java.base/jdk.internal.reflect.DelegatingMethodAccessorImpl.invoke(DelegatingMethodAccessorImpl.java:43)
at java.base/java.lang.reflect.Method.invoke(Method.java:564)
at org.testng.internal.MethodInvocationHelper.invokeMethod(MethodInvocationHelper.java:135)
at org.testng.internal.TestInvoker.invokeMethod(TestInvoker.java:598)
at org.testng.internal.TestInvoker.invokeTestMethod(TestInvoker.java:174)
at org.testng.internal.MethodRunner.runInSequence(MethodRunner.java:46)
at org.testng.internal.TestInvoker$MethodInvocationAgent.invoke(TestInvoker.java:821)
at org.testng.internal.TestInvoker.invokeTestMethods(TestInvoker.java:147)
at org.testng.internal.TestMethodWorker.invokeTestMethods(TestMethodWorker.java:146)
at org.testng.internal.TestMethodWorker.run(TestMethodWorker.java:128)
at java.base/java.util.ArrayList.forEach(ArrayList.java:1510)
at org.testng.TestRunner.privateRun(TestRunner.java:767)
at org.testng.TestRunner.run(TestRunner.java:588)
at org.testng.SuiteRunner.runTest(SuiteRunner.java:384)
at org.testng.SuiteRunner.runSequentially(SuiteRunner.java:378)
at org.testng.SuiteRunner.privateRun(SuiteRunner.java:337)
at org.testng.SuiteRunner.run(SuiteRunner.java:286)
at org.testng.SuiteRunnerWorker.runSuite(SuiteRunnerWorker.java:53)
at org.testng.SuiteRunnerWorker.run(SuiteRunnerWorker.java:96)
at org.testng.TestNG.runSuitesSequentially(TestNG.java:1214)
at org.testng.TestNG.runSuitesLocally(TestNG.java:1136)
at org.testng.TestNG.runSuites(TestNG.java:1066)
at org.testng.TestNG.run(TestNG.java:1034)
at org.testng.remote.AbstractRemoteTestNG.run(AbstractRemoteTestNG.java:115)
at org.testng.remote.RemoteTestNG.initAndRun(RemoteTestNG.java:251)
at org.testng.remote.RemoteTestNG.main(RemoteTestNG.java:77)
]]>
    </error>
  </testcase> <!-- AllSurfaceImgVerify_Test -->
  <system-out/>
  <testcase classname="MicroSoft_Product.MicroSoft_product_Test" name="Surface7ProImg2Verify_Test" time="2.160"/>
  <system-out/>
  <testcase classname="MicroSoft_Product.MicroSoft_product_Test" name="ServicesMicrosoftImgVerify_Test" time="4.320"/>
  <system-out/>
  <testcase classname="MicroSoft_Product.MicroSoft_product_Test" name="AboutMicroSoftImgVerify_Test" time="2.252"/>
  <system-out/>
</testsuite> <!-- MicroSoft_Product.MicroSoft_product_Test -->
