<?xml version="1.0" encoding="UTF-8"?>
<!-- Generated by org.testng.reporters.JUnitReportReporter -->
<testsuite hostname="LAPTOP-I1SP28VM" failures="0" tests="18" name="com.flipkart.testing.TestPages.GoogleNestMini.GoogleNestMini_Test" time="90.715" errors="0" timestamp="2020-08-22T15:10:03 IST" skipped="0">
  <testcase classname="com.flipkart.testing.TestPages.GoogleNestMini.GoogleNestMini_Test" name="TitleVerify_Test" time="2.018"/>
  <system-out/>
  <testcase classname="com.flipkart.testing.TestPages.GoogleNestMini.GoogleNestMini_Test" name="PageVeifyTest" time="0.025"/>
  <system-out/>
  <testcase classname="com.flipkart.testing.TestPages.GoogleNestMini.GoogleNestMini_Test" name="googleNestminiImg1VerifyTest" time="6.009"/>
  <system-out/>
  <testcase classname="com.flipkart.testing.TestPages.GoogleNestMini.GoogleNestMini_Test" name="googleNestminiFeatureImgVerifyTest" time="5.565"/>
  <system-out/>
  <testcase classname="com.flipkart.testing.TestPages.GoogleNestMini.GoogleNestMini_Test" name="googleNestDetailImgVerifyTest" time="5.413"/>
  <system-out/>
  <testcase classname="com.flipkart.testing.TestPages.GoogleNestMini.GoogleNestMini_Test" name="googleNestGaanaImgVerifyTest" time="5.240"/>
  <system-out/>
  <testcase classname="com.flipkart.testing.TestPages.GoogleNestMini.GoogleNestMini_Test" name="smartHomeSet_UpKitImgVerifyTest" time="5.454"/>
  <system-out/>
  <testcase classname="com.flipkart.testing.TestPages.GoogleNestMini.GoogleNestMini_Test" name="smartHomeStarter_KitImgVerifyTest" time="5.776"/>
  <system-out/>
  <testcase classname="com.flipkart.testing.TestPages.GoogleNestMini.GoogleNestMini_Test" name="googleNestOkGoogleImgVerifyTest" time="5.755"/>
  <system-out/>
  <testcase classname="com.flipkart.testing.TestPages.GoogleNestMini.GoogleNestMini_Test" name="googleNestMusicPartnerImgVerifyTest" time="5.445"/>
  <system-out/>
  <testcase classname="com.flipkart.testing.TestPages.GoogleNestMini.GoogleNestMini_Test" name="googleNestDimLightImgVerifyTest" time="5.555"/>
  <system-out/>
  <testcase classname="com.flipkart.testing.TestPages.GoogleNestMini.GoogleNestMini_Test" name="googleNestControlHomeVoiceImgVerifyTest" time="5.620"/>
  <system-out/>
  <testcase classname="com.flipkart.testing.TestPages.GoogleNestMini.GoogleNestMini_Test" name="googleNestControlHomeDevicePartnerImgVerifyTest" time="5.522"/>
  <system-out/>
  <testcase classname="com.flipkart.testing.TestPages.GoogleNestMini.GoogleNestMini_Test" name="googleNestRoomImgVerifyTest" time="5.565"/>
  <system-out/>
  <testcase classname="com.flipkart.testing.TestPages.GoogleNestMini.GoogleNestMini_Test" name="googleNestRoom2ImgVerifyTest" time="5.511"/>
  <system-out/>
  <testcase classname="com.flipkart.testing.TestPages.GoogleNestMini.GoogleNestMini_Test" name="googleNestFindRightHelpImgVerify" time="5.454"/>
  <system-out/>
  <testcase classname="com.flipkart.testing.TestPages.GoogleNestMini.GoogleNestMini_Test" name="googleNestFindRightHelp2ImgVerify" time="5.421"/>
  <system-out/>
  <testcase classname="com.flipkart.testing.TestPages.GoogleNestMini.GoogleNestMini_Test" name="googleNestTerm_and_ConditionsImgVerify" time="5.367"/>
  <system-out/>
</testsuite> <!-- com.flipkart.testing.TestPages.GoogleNestMini.GoogleNestMini_Test -->
