<?xml version="1.0" encoding="UTF-8"?>
<!-- Generated by org.testng.reporters.JUnitReportReporter -->
<testsuite hostname="LAPTOP-I1SP28VM" failures="0" tests="5" name="com.flipkart.testing.TestPages.HomePageTest" time="0.000" errors="0" timestamp="2020-09-14T03:05:47 IST" skipped="5">
  <testcase classname="com.flipkart.testing.TestPages.HomePageTest" name="titleTest" time="0.000">
    <skipped/>
  </testcase> <!-- titleTest -->
  <system-out/>
  <testcase classname="com.flipkart.testing.TestPages.HomePageTest" name="logoTest" time="0.000">
    <skipped/>
  </testcase> <!-- logoTest -->
  <system-out/>
  <testcase classname="com.flipkart.testing.TestPages.HomePageTest" name="ValidateHomepageImgTest" time="0.000">
    <skipped/>
  </testcase> <!-- ValidateHomepageImgTest -->
  <system-out/>
  <testcase classname="com.flipkart.testing.TestPages.HomePageTest" name="AboutusValidationTest" time="0.000">
    <skipped/>
  </testcase> <!-- AboutusValidationTest -->
  <system-out/>
  <testcase classname="com.flipkart.testing.TestPages.HomePageTest" name="contactUsValidationTest" time="0.000">
    <skipped/>
  </testcase> <!-- contactUsValidationTest -->
  <system-out/>
</testsuite> <!-- com.flipkart.testing.TestPages.HomePageTest -->
