<?xml version="1.0" encoding="UTF-8"?>
<!-- Generated by org.testng.reporters.JUnitReportReporter -->
<testsuite hostname="LAPTOP-I1SP28VM" failures="0" tests="4" name="com.flipkart.testing.TestPages.SeagateTest" time="0.000" errors="0" timestamp="2020-09-14T03:05:47 IST" skipped="4">
  <testcase classname="com.flipkart.testing.TestPages.SeagateTest" name="PageTitleTest" time="0.000">
    <skipped/>
  </testcase> <!-- PageTitleTest -->
  <system-out/>
  <testcase classname="com.flipkart.testing.TestPages.SeagateTest" name="PageTest" time="0.000">
    <skipped/>
  </testcase> <!-- PageTest -->
  <system-out/>
  <testcase classname="com.flipkart.testing.TestPages.SeagateTest" name="productSelectionTest" time="0.000">
    <skipped/>
  </testcase> <!-- productSelectionTest -->
  <system-out/>
  <testcase classname="com.flipkart.testing.TestPages.SeagateTest" name="addtoCartTest" time="0.000">
    <skipped/>
  </testcase> <!-- addtoCartTest -->
  <system-out/>
</testsuite> <!-- com.flipkart.testing.TestPages.SeagateTest -->
