<?xml version="1.0" encoding="UTF-8"?>
<!-- Generated by org.testng.reporters.JUnitReportReporter -->
<testsuite hostname="LAPTOP-I1SP28VM" failures="0" tests="13" name="com.flipkart.testing.TestPages.GoogleAssistant.Google_Assistant_Test" time="0.000" errors="0" timestamp="2020-09-14T03:05:47 IST" skipped="13">
  <testcase classname="com.flipkart.testing.TestPages.GoogleAssistant.Google_Assistant_Test" name="TitleVerify_Test" time="0.000">
    <skipped/>
  </testcase> <!-- TitleVerify_Test -->
  <system-out/>
  <testcase classname="com.flipkart.testing.TestPages.GoogleAssistant.Google_Assistant_Test" name="PageVerify" time="0.000">
    <skipped/>
  </testcase> <!-- PageVerify -->
  <system-out/>
  <testcase classname="com.flipkart.testing.TestPages.GoogleAssistant.Google_Assistant_Test" name="googleAssistantImg_Verify_Test" time="0.000">
    <skipped/>
  </testcase> <!-- googleAssistantImg_Verify_Test -->
  <system-out/>
  <testcase classname="com.flipkart.testing.TestPages.GoogleAssistant.Google_Assistant_Test" name="googleAssistant_DeviceImg_Verify_Test" time="0.000">
    <skipped/>
  </testcase> <!-- googleAssistant_DeviceImg_Verify_Test -->
  <system-out/>
  <testcase classname="com.flipkart.testing.TestPages.GoogleAssistant.Google_Assistant_Test" name="googleLanguageImg_Verify_Test" time="0.000">
    <skipped/>
  </testcase> <!-- googleLanguageImg_Verify_Test -->
  <system-out/>
  <testcase classname="com.flipkart.testing.TestPages.GoogleAssistant.Google_Assistant_Test" name="googleLanguageImg2_Verify_Test" time="0.000">
    <skipped/>
  </testcase> <!-- googleLanguageImg2_Verify_Test -->
  <system-out/>
  <testcase classname="com.flipkart.testing.TestPages.GoogleAssistant.Google_Assistant_Test" name="googleAssistant_SmartPhoneImg_Verify_Test" time="0.000">
    <skipped/>
  </testcase> <!-- googleAssistant_SmartPhoneImg_Verify_Test -->
  <system-out/>
  <testcase classname="com.flipkart.testing.TestPages.GoogleAssistant.Google_Assistant_Test" name="googleAssistant_SmartPhoneImg2_Verify_Test" time="0.000">
    <skipped/>
  </testcase> <!-- googleAssistant_SmartPhoneImg2_Verify_Test -->
  <system-out/>
  <testcase classname="com.flipkart.testing.TestPages.GoogleAssistant.Google_Assistant_Test" name="googleAssistant_SmartPhoneImg3_Verify_Test" time="0.000">
    <skipped/>
  </testcase> <!-- googleAssistant_SmartPhoneImg3_Verify_Test -->
  <system-out/>
  <testcase classname="com.flipkart.testing.TestPages.GoogleAssistant.Google_Assistant_Test" name="googleAssistanta_SmartTV_Verify_Test" time="0.000">
    <skipped/>
  </testcase> <!-- googleAssistanta_SmartTV_Verify_Test -->
  <system-out/>
  <testcase classname="com.flipkart.testing.TestPages.GoogleAssistant.Google_Assistant_Test" name="googleAssistanta_SmartTV2_Verify_Test" time="0.000">
    <skipped/>
  </testcase> <!-- googleAssistanta_SmartTV2_Verify_Test -->
  <system-out/>
  <testcase classname="com.flipkart.testing.TestPages.GoogleAssistant.Google_Assistant_Test" name="googleAssistant_Term_ConditonsImg_Verify_Test" time="0.000">
    <skipped/>
  </testcase> <!-- googleAssistant_Term_ConditonsImg_Verify_Test -->
  <system-out/>
  <testcase classname="com.flipkart.testing.TestPages.GoogleAssistant.Google_Assistant_Test" name="googleAssistant_Term_ConditonsImg2_Test" time="0.000">
    <skipped/>
  </testcase> <!-- googleAssistant_Term_ConditonsImg2_Test -->
  <system-out/>
</testsuite> <!-- com.flipkart.testing.TestPages.GoogleAssistant.Google_Assistant_Test -->
