<?xml version="1.0" encoding="UTF-8"?>
<!-- Generated by org.testng.reporters.JUnitReportReporter -->
<testsuite hostname="LAPTOP-I1SP28VM" failures="0" tests="3" name="com.flipkart.testing.TestPages.MicroSoft_Product.MicroSoft_Surface_6_Test" time="18.194" errors="0" timestamp="2020-08-27T09:32:23 IST" skipped="0">
  <testcase classname="com.flipkart.testing.TestPages.MicroSoft_Product.MicroSoft_Surface_6_Test" name="TitleVerify_Test" time="5.014"/>
  <system-out/>
  <testcase classname="com.flipkart.testing.TestPages.MicroSoft_Product.MicroSoft_Surface_6_Test" name="ProductVerify_Test" time="0.028"/>
  <system-out/>
  <testcase classname="com.flipkart.testing.TestPages.MicroSoft_Product.MicroSoft_Surface_6_Test" name="BuySurface6_Test" time="13.152"/>
  <system-out/>
</testsuite> <!-- com.flipkart.testing.TestPages.MicroSoft_Product.MicroSoft_Surface_6_Test -->
