<?xml version="1.0" encoding="UTF-8"?>
<!-- Generated by org.testng.reporters.JUnitReportReporter -->
<testsuite hostname="LAPTOP-I1SP28VM" failures="0" tests="18" name="com.flipkart.testing.TestPages.GoogleNestMini.GoogleNestMini_Test" time="0.000" errors="0" timestamp="2020-09-14T03:05:47 IST" skipped="18">
  <testcase classname="com.flipkart.testing.TestPages.GoogleNestMini.GoogleNestMini_Test" name="TitleVerify_Test" time="0.000">
    <skipped/>
  </testcase> <!-- TitleVerify_Test -->
  <system-out/>
  <testcase classname="com.flipkart.testing.TestPages.GoogleNestMini.GoogleNestMini_Test" name="PageVeifyTest" time="0.000">
    <skipped/>
  </testcase> <!-- PageVeifyTest -->
  <system-out/>
  <testcase classname="com.flipkart.testing.TestPages.GoogleNestMini.GoogleNestMini_Test" name="googleNestminiImg1VerifyTest" time="0.000">
    <skipped/>
  </testcase> <!-- googleNestminiImg1VerifyTest -->
  <system-out/>
  <testcase classname="com.flipkart.testing.TestPages.GoogleNestMini.GoogleNestMini_Test" name="googleNestminiFeatureImgVerifyTest" time="0.000">
    <skipped/>
  </testcase> <!-- googleNestminiFeatureImgVerifyTest -->
  <system-out/>
  <testcase classname="com.flipkart.testing.TestPages.GoogleNestMini.GoogleNestMini_Test" name="googleNestDetailImgVerifyTest" time="0.000">
    <skipped/>
  </testcase> <!-- googleNestDetailImgVerifyTest -->
  <system-out/>
  <testcase classname="com.flipkart.testing.TestPages.GoogleNestMini.GoogleNestMini_Test" name="googleNestGaanaImgVerifyTest" time="0.000">
    <skipped/>
  </testcase> <!-- googleNestGaanaImgVerifyTest -->
  <system-out/>
  <testcase classname="com.flipkart.testing.TestPages.GoogleNestMini.GoogleNestMini_Test" name="smartHomeSet_UpKitImgVerifyTest" time="0.000">
    <skipped/>
  </testcase> <!-- smartHomeSet_UpKitImgVerifyTest -->
  <system-out/>
  <testcase classname="com.flipkart.testing.TestPages.GoogleNestMini.GoogleNestMini_Test" name="smartHomeStarter_KitImgVerifyTest" time="0.000">
    <skipped/>
  </testcase> <!-- smartHomeStarter_KitImgVerifyTest -->
  <system-out/>
  <testcase classname="com.flipkart.testing.TestPages.GoogleNestMini.GoogleNestMini_Test" name="googleNestOkGoogleImgVerifyTest" time="0.000">
    <skipped/>
  </testcase> <!-- googleNestOkGoogleImgVerifyTest -->
  <system-out/>
  <testcase classname="com.flipkart.testing.TestPages.GoogleNestMini.GoogleNestMini_Test" name="googleNestMusicPartnerImgVerifyTest" time="0.000">
    <skipped/>
  </testcase> <!-- googleNestMusicPartnerImgVerifyTest -->
  <system-out/>
  <testcase classname="com.flipkart.testing.TestPages.GoogleNestMini.GoogleNestMini_Test" name="googleNestDimLightImgVerifyTest" time="0.000">
    <skipped/>
  </testcase> <!-- googleNestDimLightImgVerifyTest -->
  <system-out/>
  <testcase classname="com.flipkart.testing.TestPages.GoogleNestMini.GoogleNestMini_Test" name="googleNestControlHomeVoiceImgVerifyTest" time="0.000">
    <skipped/>
  </testcase> <!-- googleNestControlHomeVoiceImgVerifyTest -->
  <system-out/>
  <testcase classname="com.flipkart.testing.TestPages.GoogleNestMini.GoogleNestMini_Test" name="googleNestControlHomeDevicePartnerImgVerifyTest" time="0.000">
    <skipped/>
  </testcase> <!-- googleNestControlHomeDevicePartnerImgVerifyTest -->
  <system-out/>
  <testcase classname="com.flipkart.testing.TestPages.GoogleNestMini.GoogleNestMini_Test" name="googleNestRoomImgVerifyTest" time="0.000">
    <skipped/>
  </testcase> <!-- googleNestRoomImgVerifyTest -->
  <system-out/>
  <testcase classname="com.flipkart.testing.TestPages.GoogleNestMini.GoogleNestMini_Test" name="googleNestRoom2ImgVerifyTest" time="0.000">
    <skipped/>
  </testcase> <!-- googleNestRoom2ImgVerifyTest -->
  <system-out/>
  <testcase classname="com.flipkart.testing.TestPages.GoogleNestMini.GoogleNestMini_Test" name="googleNestFindRightHelpImgVerify" time="0.000">
    <skipped/>
  </testcase> <!-- googleNestFindRightHelpImgVerify -->
  <system-out/>
  <testcase classname="com.flipkart.testing.TestPages.GoogleNestMini.GoogleNestMini_Test" name="googleNestFindRightHelp2ImgVerify" time="0.000">
    <skipped/>
  </testcase> <!-- googleNestFindRightHelp2ImgVerify -->
  <system-out/>
  <testcase classname="com.flipkart.testing.TestPages.GoogleNestMini.GoogleNestMini_Test" name="googleNestTerm_and_ConditionsImgVerify" time="0.000">
    <skipped/>
  </testcase> <!-- googleNestTerm_and_ConditionsImgVerify -->
  <system-out/>
</testsuite> <!-- com.flipkart.testing.TestPages.GoogleNestMini.GoogleNestMini_Test -->
