<?xml version="1.0" encoding="UTF-8"?>
<!-- Generated by org.testng.reporters.JUnitReportReporter -->
<testsuite hostname="LAPTOP-I1SP28VM" failures="0" tests="1" name="com.flipkart.testing.TestPages.CartTest" time="0.000" errors="0" timestamp="2020-09-14T03:05:47 IST" skipped="1">
  <testcase classname="com.flipkart.testing.TestPages.CartTest" name="pageTest" time="0.000">
    <skipped/>
  </testcase> <!-- pageTest -->
  <system-out/>
</testsuite> <!-- com.flipkart.testing.TestPages.CartTest -->
