<?xml version="1.0" encoding="UTF-8"?>
<!-- Generated by org.testng.reporters.JUnitReportReporter -->
<testsuite hostname="LAPTOP-I1SP28VM" failures="0" tests="7" name="com.flipkart.testing.TestPages.AppleWatchTest" time="0.000" errors="0" timestamp="2020-09-14T03:05:47 IST" skipped="7">
  <testcase classname="com.flipkart.testing.TestPages.AppleWatchTest" name="titleTest" time="0.000">
    <skipped/>
  </testcase> <!-- titleTest -->
  <system-out/>
  <testcase classname="com.flipkart.testing.TestPages.AppleWatchTest" name="pageVerifyTest" time="0.000">
    <skipped/>
  </testcase> <!-- pageVerifyTest -->
  <system-out/>
  <testcase classname="com.flipkart.testing.TestPages.AppleWatchTest" name="high_lowfilterTest" time="0.000">
    <skipped/>
  </testcase> <!-- high_lowfilterTest -->
  <system-out/>
  <testcase classname="com.flipkart.testing.TestPages.AppleWatchTest" name="low_highfilterTest" time="0.000">
    <skipped/>
  </testcase> <!-- low_highfilterTest -->
  <system-out/>
  <testcase classname="com.flipkart.testing.TestPages.AppleWatchTest" name="populartyfilterTest" time="0.000">
    <skipped/>
  </testcase> <!-- populartyfilterTest -->
  <system-out/>
  <testcase classname="com.flipkart.testing.TestPages.AppleWatchTest" name="placeorder" time="0.000">
    <skipped/>
  </testcase> <!-- placeorder -->
  <system-out/>
  <testcase classname="com.flipkart.testing.TestPages.AppleWatchTest" name="addtoCartTest" time="0.000">
    <skipped/>
  </testcase> <!-- addtoCartTest -->
  <system-out/>
</testsuite> <!-- com.flipkart.testing.TestPages.AppleWatchTest -->
