<?xml version="1.0" encoding="UTF-8"?>
<!-- Generated by org.testng.reporters.JUnitReportReporter -->
<testsuite hostname="LAPTOP-I1SP28VM" failures="0" tests="3" name="com.flipkart.testing.TestPages.IpadProTest" time="0.000" errors="0" timestamp="2020-09-14T03:05:47 IST" skipped="3">
  <testcase classname="com.flipkart.testing.TestPages.IpadProTest" name="TitleVerificationTest" time="0.000">
    <skipped/>
  </testcase> <!-- TitleVerificationTest -->
  <system-out/>
  <testcase classname="com.flipkart.testing.TestPages.IpadProTest" name="PageTitleTest" time="0.000">
    <skipped/>
  </testcase> <!-- PageTitleTest -->
  <system-out/>
  <testcase classname="com.flipkart.testing.TestPages.IpadProTest" name="PageElementTest" time="0.000">
    <skipped/>
  </testcase> <!-- PageElementTest -->
  <system-out/>
</testsuite> <!-- com.flipkart.testing.TestPages.IpadProTest -->
