<?xml version="1.0" encoding="UTF-8"?>
<!-- Generated by org.testng.reporters.JUnitReportReporter -->
<testsuite hostname="LAPTOP-I1SP28VM" failures="0" tests="5" name="com.flipkart.testing.TestPages.AC.LG_AC_Test" time="0.000" errors="0" timestamp="2020-09-14T03:05:47 IST" skipped="5">
  <testcase classname="com.flipkart.testing.TestPages.AC.LG_AC_Test" name="PagetVerify_Test" time="0.000">
    <skipped/>
  </testcase> <!-- PagetVerify_Test -->
  <system-out/>
  <testcase classname="com.flipkart.testing.TestPages.AC.LG_AC_Test" name="TitleVerify_Test" time="0.000">
    <skipped/>
  </testcase> <!-- TitleVerify_Test -->
  <system-out/>
  <testcase classname="com.flipkart.testing.TestPages.AC.LG_AC_Test" name="AmountVerify_Test" time="0.000">
    <skipped/>
  </testcase> <!-- AmountVerify_Test -->
  <system-out/>
  <testcase classname="com.flipkart.testing.TestPages.AC.LG_AC_Test" name="DiscountVerify_Test" time="0.000">
    <skipped/>
  </testcase> <!-- DiscountVerify_Test -->
  <system-out/>
  <testcase classname="com.flipkart.testing.TestPages.AC.LG_AC_Test" name="WindowLG_AC_Test" time="0.000">
    <skipped/>
  </testcase> <!-- WindowLG_AC_Test -->
  <system-out/>
</testsuite> <!-- com.flipkart.testing.TestPages.AC.LG_AC_Test -->
