<?xml version="1.0" encoding="UTF-8"?>
<!-- Generated by org.testng.reporters.JUnitReportReporter -->
<testsuite hostname="LAPTOP-I1SP28VM" failures="0" tests="2" name="com.flipkart.testing.TestPages.MicroSoft_Product.MicroSoft_Surface_7_Test" time="5.057" errors="0" timestamp="2020-08-25T00:24:06 IST" skipped="0">
  <testcase classname="com.flipkart.testing.TestPages.MicroSoft_Product.MicroSoft_Surface_7_Test" name="ProductVerify_Test" time="0.042"/>
  <system-out/>
  <testcase classname="com.flipkart.testing.TestPages.MicroSoft_Product.MicroSoft_Surface_7_Test" name="TitleVerify_Test" time="5.015"/>
  <system-out/>
</testsuite> <!-- com.flipkart.testing.TestPages.MicroSoft_Product.MicroSoft_Surface_7_Test -->
