<?xml version="1.0" encoding="UTF-8"?>
<!-- Generated by org.testng.reporters.JUnitReportReporter -->
<testsuite hostname="LAPTOP-I1SP28VM" failures="0" tests="1" name="com.flipkart.testing.TestPages.AC.LG_AC_Test" time="7.376" errors="0" timestamp="2020-09-09T23:42:42 IST" skipped="0">
  <testcase classname="com.flipkart.testing.TestPages.AC.LG_AC_Test" name="DiscountVerify_Test" time="7.376"/>
  <system-out/>
</testsuite> <!-- com.flipkart.testing.TestPages.AC.LG_AC_Test -->
