<?xml version="1.0" encoding="UTF-8"?>
<!-- Generated by org.testng.reporters.JUnitReportReporter -->
<testsuite hostname="LAPTOP-I1SP28VM" failures="0" tests="17" name="com.flipkart.testing.TestPages.Women.WesternMaterilTest.DressesTest" time="0.000" errors="0" timestamp="2020-09-14T03:05:47 IST" skipped="17">
  <testcase classname="com.flipkart.testing.TestPages.Women.WesternMaterilTest.DressesTest" name="PageVerify_Test" time="0.000">
    <skipped/>
  </testcase> <!-- PageVerify_Test -->
  <system-out/>
  <testcase classname="com.flipkart.testing.TestPages.Women.WesternMaterilTest.DressesTest" name="TitleVerify_Test" time="0.000">
    <skipped/>
  </testcase> <!-- TitleVerify_Test -->
  <system-out/>
  <testcase classname="com.flipkart.testing.TestPages.Women.WesternMaterilTest.DressesTest" name="DetailVerify_Test" time="0.000">
    <skipped/>
  </testcase> <!-- DetailVerify_Test -->
  <system-out/>
  <testcase classname="com.flipkart.testing.TestPages.Women.WesternMaterilTest.DressesTest" name="BrandVerify_Test" time="0.000">
    <skipped/>
  </testcase> <!-- BrandVerify_Test -->
  <system-out/>
  <testcase classname="com.flipkart.testing.TestPages.Women.WesternMaterilTest.DressesTest" name="BuyProduct" time="0.000">
    <skipped/>
  </testcase> <!-- BuyProduct -->
  <system-out/>
  <testcase classname="com.flipkart.testing.TestPages.Women.WesternMaterilTest.DressesTest" name="Levi_sSelectionTest" time="0.000">
    <skipped/>
  </testcase> <!-- Levi_sSelectionTest -->
  <system-out/>
  <testcase classname="com.flipkart.testing.TestPages.Women.WesternMaterilTest.DressesTest" name="Levi_sBrandVerify_Test" time="0.000">
    <skipped/>
  </testcase> <!-- Levi_sBrandVerify_Test -->
  <system-out/>
  <testcase classname="com.flipkart.testing.TestPages.Women.WesternMaterilTest.DressesTest" name="BuyLevi_s" time="0.000">
    <skipped/>
  </testcase> <!-- BuyLevi_s -->
  <system-out/>
  <testcase classname="com.flipkart.testing.TestPages.Women.WesternMaterilTest.DressesTest" name="LevisSelectionTest" time="0.000">
    <skipped/>
  </testcase> <!-- LevisSelectionTest -->
  <system-out/>
  <testcase classname="com.flipkart.testing.TestPages.Women.WesternMaterilTest.DressesTest" name="LevisBrandVerify_Test" time="0.000">
    <skipped/>
  </testcase> <!-- LevisBrandVerify_Test -->
  <system-out/>
  <testcase classname="com.flipkart.testing.TestPages.Women.WesternMaterilTest.DressesTest" name="BuyLevis" time="0.000">
    <skipped/>
  </testcase> <!-- BuyLevis -->
  <system-out/>
  <testcase classname="com.flipkart.testing.TestPages.Women.WesternMaterilTest.DressesTest" name="LibasSelectionTest" time="0.000">
    <skipped/>
  </testcase> <!-- LibasSelectionTest -->
  <system-out/>
  <testcase classname="com.flipkart.testing.TestPages.Women.WesternMaterilTest.DressesTest" name="LibasBrandVerify_Test" time="0.000">
    <skipped/>
  </testcase> <!-- LibasBrandVerify_Test -->
  <system-out/>
  <testcase classname="com.flipkart.testing.TestPages.Women.WesternMaterilTest.DressesTest" name="BuyLibas" time="0.000">
    <skipped/>
  </testcase> <!-- BuyLibas -->
  <system-out/>
  <testcase classname="com.flipkart.testing.TestPages.Women.WesternMaterilTest.DressesTest" name="LeeSelectionTest" time="0.000">
    <skipped/>
  </testcase> <!-- LeeSelectionTest -->
  <system-out/>
  <testcase classname="com.flipkart.testing.TestPages.Women.WesternMaterilTest.DressesTest" name="LeeBrandVerify_Test" time="0.000">
    <skipped/>
  </testcase> <!-- LeeBrandVerify_Test -->
  <system-out/>
  <testcase classname="com.flipkart.testing.TestPages.Women.WesternMaterilTest.DressesTest" name="BuyLee" time="0.000">
    <skipped/>
  </testcase> <!-- BuyLee -->
  <system-out/>
</testsuite> <!-- com.flipkart.testing.TestPages.Women.WesternMaterilTest.DressesTest -->
