<?xml version="1.0" encoding="UTF-8"?>
<!-- Generated by org.testng.reporters.JUnitReportReporter -->
<testsuite hostname="LAPTOP-I1SP28VM" failures="0" tests="7" name="com.flipkart.testing.TestPages.MicroSoft_Product.MicroSoft_product_Test" time="0.000" errors="0" timestamp="2020-09-14T03:05:47 IST" skipped="7">
  <testcase classname="com.flipkart.testing.TestPages.MicroSoft_Product.MicroSoft_product_Test" name="TitleTest" time="0.000">
    <skipped/>
  </testcase> <!-- TitleTest -->
  <system-out/>
  <testcase classname="com.flipkart.testing.TestPages.MicroSoft_Product.MicroSoft_product_Test" name="PageVerifyTest" time="0.000">
    <skipped/>
  </testcase> <!-- PageVerifyTest -->
  <system-out/>
  <testcase classname="com.flipkart.testing.TestPages.MicroSoft_Product.MicroSoft_product_Test" name="Surface7ProImgVerify_Test" time="0.000">
    <skipped/>
  </testcase> <!-- Surface7ProImgVerify_Test -->
  <system-out/>
  <testcase classname="com.flipkart.testing.TestPages.MicroSoft_Product.MicroSoft_product_Test" name="AllSurfaceImgVerify_Test" time="0.000">
    <skipped/>
  </testcase> <!-- AllSurfaceImgVerify_Test -->
  <system-out/>
  <testcase classname="com.flipkart.testing.TestPages.MicroSoft_Product.MicroSoft_product_Test" name="Surface7ProImg2Verify_Test" time="0.000">
    <skipped/>
  </testcase> <!-- Surface7ProImg2Verify_Test -->
  <system-out/>
  <testcase classname="com.flipkart.testing.TestPages.MicroSoft_Product.MicroSoft_product_Test" name="ServicesMicrosoftImgVerify_Test" time="0.000">
    <skipped/>
  </testcase> <!-- ServicesMicrosoftImgVerify_Test -->
  <system-out/>
  <testcase classname="com.flipkart.testing.TestPages.MicroSoft_Product.MicroSoft_product_Test" name="AboutMicroSoftImgVerify_Test" time="0.000">
    <skipped/>
  </testcase> <!-- AboutMicroSoftImgVerify_Test -->
  <system-out/>
</testsuite> <!-- com.flipkart.testing.TestPages.MicroSoft_Product.MicroSoft_product_Test -->
