<?xml version="1.0" encoding="UTF-8"?>
<!-- Generated by org.testng.reporters.JUnitReportReporter -->
<testsuite hostname="LAPTOP-I1SP28VM" failures="0" tests="3" name="com.flipkart.testing.TestPages.HardDiskTest" time="0.000" errors="0" timestamp="2020-09-14T03:05:47 IST" skipped="3">
  <testcase classname="com.flipkart.testing.TestPages.HardDiskTest" name="PageTitleVerificationTest" time="0.000">
    <skipped/>
  </testcase> <!-- PageTitleVerificationTest -->
  <system-out/>
  <testcase classname="com.flipkart.testing.TestPages.HardDiskTest" name="PageVerifyTest" time="0.000">
    <skipped/>
  </testcase> <!-- PageVerifyTest -->
  <system-out/>
  <testcase classname="com.flipkart.testing.TestPages.HardDiskTest" name="WDTest" time="0.000">
    <skipped/>
  </testcase> <!-- WDTest -->
  <system-out/>
</testsuite> <!-- com.flipkart.testing.TestPages.HardDiskTest -->
