<?xml version="1.0" encoding="UTF-8"?>
<!-- Generated by org.testng.reporters.JUnitReportReporter -->
<testsuite hostname="LAPTOP-I1SP28VM" failures="0" tests="6" name="com.flipkart.testing.TestPages.InvalidLoginTest" time="243.726" errors="0" timestamp="2020-10-16T21:18:16 IST" skipped="0">
  <testcase classname="com.flipkart.testing.TestPages.InvalidLoginTest" name="invalidTest1" time="25.140"/>
  <system-out/>
  <testcase classname="com.flipkart.testing.TestPages.InvalidLoginTest" name="invalidTest2" time="56.219"/>
  <system-out/>
  <testcase classname="com.flipkart.testing.TestPages.InvalidLoginTest" name="invalidTest3" time="78.653"/>
  <system-out/>
  <testcase classname="com.flipkart.testing.TestPages.InvalidLoginTest" name="invalidTest4" time="23.956"/>
  <system-out/>
  <testcase classname="com.flipkart.testing.TestPages.InvalidLoginTest" name="invalidTest5" time="30.222"/>
  <system-out/>
  <testcase classname="com.flipkart.testing.TestPages.InvalidLoginTest" name="invalidTest6" time="29.536"/>
  <system-out/>
</testsuite> <!-- com.flipkart.testing.TestPages.InvalidLoginTest -->
