<?xml version="1.0" encoding="UTF-8"?>
<!-- Generated by org.testng.reporters.JUnitReportReporter -->
<testsuite hostname="LAPTOP-I1SP28VM" failures="0" tests="1" name="com.flipkart.testing.TestPages.Men.Tshirts.Wrangler_TshirtTest" time="3.612" errors="0" timestamp="2020-08-29T14:24:16 IST" skipped="0">
  <testcase classname="com.flipkart.testing.TestPages.Men.Tshirts.Wrangler_TshirtTest" name="BrandVerify_Test" time="3.612"/>
  <system-out/>
</testsuite> <!-- com.flipkart.testing.TestPages.Men.Tshirts.Wrangler_TshirtTest -->
