<?xml version="1.0" encoding="UTF-8"?>
<!-- Generated by org.testng.reporters.JUnitReportReporter -->
<testsuite hostname="LAPTOP-I1SP28VM" failures="0" tests="16" name="com.flipkart.testing.TestPages.Men.Tshirts.Wrangler_TshirtTest" time="0.000" errors="0" timestamp="2020-09-14T03:05:47 IST" skipped="16">
  <testcase classname="com.flipkart.testing.TestPages.Men.Tshirts.Wrangler_TshirtTest" name="DetailVerify_Test" time="0.000">
    <skipped/>
  </testcase> <!-- DetailVerify_Test -->
  <system-out/>
  <testcase classname="com.flipkart.testing.TestPages.Men.Tshirts.Wrangler_TshirtTest" name="pageDetailVerify" time="0.000">
    <skipped/>
  </testcase> <!-- pageDetailVerify -->
  <system-out/>
  <testcase classname="com.flipkart.testing.TestPages.Men.Tshirts.Wrangler_TshirtTest" name="BrandVerify_Test" time="0.000">
    <skipped/>
  </testcase> <!-- BrandVerify_Test -->
  <system-out/>
  <testcase classname="com.flipkart.testing.TestPages.Men.Tshirts.Wrangler_TshirtTest" name="BuyProduct" time="0.000">
    <skipped/>
  </testcase> <!-- BuyProduct -->
  <system-out/>
  <testcase classname="com.flipkart.testing.TestPages.Men.Tshirts.Wrangler_TshirtTest" name="Levi_sSelectionTest" time="0.000">
    <skipped/>
  </testcase> <!-- Levi_sSelectionTest -->
  <system-out/>
  <testcase classname="com.flipkart.testing.TestPages.Men.Tshirts.Wrangler_TshirtTest" name="Levi_sBrandVerify_Test" time="0.000">
    <skipped/>
  </testcase> <!-- Levi_sBrandVerify_Test -->
  <system-out/>
  <testcase classname="com.flipkart.testing.TestPages.Men.Tshirts.Wrangler_TshirtTest" name="BuyLevi_s" time="0.000">
    <skipped/>
  </testcase> <!-- BuyLevi_s -->
  <system-out/>
  <testcase classname="com.flipkart.testing.TestPages.Men.Tshirts.Wrangler_TshirtTest" name="LevisSelectionTest" time="0.000">
    <skipped/>
  </testcase> <!-- LevisSelectionTest -->
  <system-out/>
  <testcase classname="com.flipkart.testing.TestPages.Men.Tshirts.Wrangler_TshirtTest" name="LevisBrandVerify_Test" time="0.000">
    <skipped/>
  </testcase> <!-- LevisBrandVerify_Test -->
  <system-out/>
  <testcase classname="com.flipkart.testing.TestPages.Men.Tshirts.Wrangler_TshirtTest" name="BuyLevis" time="0.000">
    <skipped/>
  </testcase> <!-- BuyLevis -->
  <system-out/>
  <testcase classname="com.flipkart.testing.TestPages.Men.Tshirts.Wrangler_TshirtTest" name="MuftiSelectionTest" time="0.000">
    <skipped/>
  </testcase> <!-- MuftiSelectionTest -->
  <system-out/>
  <testcase classname="com.flipkart.testing.TestPages.Men.Tshirts.Wrangler_TshirtTest" name="MuftiBrandVerify_Test" time="0.000">
    <skipped/>
  </testcase> <!-- MuftiBrandVerify_Test -->
  <system-out/>
  <testcase classname="com.flipkart.testing.TestPages.Men.Tshirts.Wrangler_TshirtTest" name="BuyMufti" time="0.000">
    <skipped/>
  </testcase> <!-- BuyMufti -->
  <system-out/>
  <testcase classname="com.flipkart.testing.TestPages.Men.Tshirts.Wrangler_TshirtTest" name="LeeSelectionTest" time="0.000">
    <skipped/>
  </testcase> <!-- LeeSelectionTest -->
  <system-out/>
  <testcase classname="com.flipkart.testing.TestPages.Men.Tshirts.Wrangler_TshirtTest" name="LeeBrandVerify_Test" time="0.000">
    <skipped/>
  </testcase> <!-- LeeBrandVerify_Test -->
  <system-out/>
  <testcase classname="com.flipkart.testing.TestPages.Men.Tshirts.Wrangler_TshirtTest" name="BuyLee" time="0.000">
    <skipped/>
  </testcase> <!-- BuyLee -->
  <system-out/>
</testsuite> <!-- com.flipkart.testing.TestPages.Men.Tshirts.Wrangler_TshirtTest -->
