<?xml version="1.0" encoding="UTF-8"?>
<!-- Generated by org.testng.reporters.JUnitReportReporter -->
<testsuite hostname="LAPTOP-I1SP28VM" failures="0" tests="2" name="com.flipkart.testing.TestPages.MicroSoft_Product.MicroSoft_Surface_7_Test" time="0.000" errors="0" timestamp="2020-09-14T03:05:47 IST" skipped="2">
  <testcase classname="com.flipkart.testing.TestPages.MicroSoft_Product.MicroSoft_Surface_7_Test" name="ProductVerify_Test" time="0.000">
    <skipped/>
  </testcase> <!-- ProductVerify_Test -->
  <system-out/>
  <testcase classname="com.flipkart.testing.TestPages.MicroSoft_Product.MicroSoft_Surface_7_Test" name="TitleVerify_Test" time="0.000">
    <skipped/>
  </testcase> <!-- TitleVerify_Test -->
  <system-out/>
</testsuite> <!-- com.flipkart.testing.TestPages.MicroSoft_Product.MicroSoft_Surface_7_Test -->
