<?xml version="1.0" encoding="UTF-8"?>
<!-- Generated by org.testng.reporters.JUnitReportReporter -->
<testsuite hostname="LAPTOP-I1SP28VM" failures="0" tests="16" name="com.flipkart.testing.TestPages.MiTest" time="0.000" errors="0" timestamp="2020-09-14T03:05:47 IST" skipped="16">
  <testcase classname="com.flipkart.testing.TestPages.MiTest" name="TitleVerifyTest" time="0.000">
    <skipped/>
  </testcase> <!-- TitleVerifyTest -->
  <system-out/>
  <testcase classname="com.flipkart.testing.TestPages.MiTest" name="MiCompanyVerificationTest" time="0.000">
    <skipped/>
  </testcase> <!-- MiCompanyVerificationTest -->
  <system-out/>
  <testcase classname="com.flipkart.testing.TestPages.MiTest" name="Mi6GBfilterTest" time="0.000">
    <skipped/>
  </testcase> <!-- Mi6GBfilterTest -->
  <system-out/>
  <testcase classname="com.flipkart.testing.TestPages.MiTest" name="Mi4GBfilterTest" time="0.000">
    <skipped/>
  </testcase> <!-- Mi4GBfilterTest -->
  <system-out/>
  <testcase classname="com.flipkart.testing.TestPages.MiTest" name="Mi3GBfilterTest" time="0.000">
    <skipped/>
  </testcase> <!-- Mi3GBfilterTest -->
  <system-out/>
  <testcase classname="com.flipkart.testing.TestPages.MiTest" name="Mi2GBfilterTest" time="0.000">
    <skipped/>
  </testcase> <!-- Mi2GBfilterTest -->
  <system-out/>
  <testcase classname="com.flipkart.testing.TestPages.MiTest" name="Mi1GBfilterTest" time="0.000">
    <skipped/>
  </testcase> <!-- Mi1GBfilterTest -->
  <system-out/>
  <testcase classname="com.flipkart.testing.TestPages.MiTest" name="Mi256GBROMTest" time="0.000">
    <skipped/>
  </testcase> <!-- Mi256GBROMTest -->
  <system-out/>
  <testcase classname="com.flipkart.testing.TestPages.MiTest" name="Mi128GBROMTest" time="0.000">
    <skipped/>
  </testcase> <!-- Mi128GBROMTest -->
  <system-out/>
  <testcase classname="com.flipkart.testing.TestPages.MiTest" name="Mi64GBROMTest" time="0.000">
    <skipped/>
  </testcase> <!-- Mi64GBROMTest -->
  <system-out/>
  <testcase classname="com.flipkart.testing.TestPages.MiTest" name="Mi32GBROMTest" time="0.000">
    <skipped/>
  </testcase> <!-- Mi32GBROMTest -->
  <system-out/>
  <testcase classname="com.flipkart.testing.TestPages.MiTest" name="Mi16GBROMTest" time="0.000">
    <skipped/>
  </testcase> <!-- Mi16GBROMTest -->
  <system-out/>
  <testcase classname="com.flipkart.testing.TestPages.MiTest" name="Mi8GBROMTest" time="0.000">
    <skipped/>
  </testcase> <!-- Mi8GBROMTest -->
  <system-out/>
  <testcase classname="com.flipkart.testing.TestPages.MiTest" name="low_highTest" time="0.000">
    <skipped/>
  </testcase> <!-- low_highTest -->
  <system-out/>
  <testcase classname="com.flipkart.testing.TestPages.MiTest" name="high_lowTest" time="0.000">
    <skipped/>
  </testcase> <!-- high_lowTest -->
  <system-out/>
  <testcase classname="com.flipkart.testing.TestPages.MiTest" name="newestTest" time="0.000">
    <skipped/>
  </testcase> <!-- newestTest -->
  <system-out/>
</testsuite> <!-- com.flipkart.testing.TestPages.MiTest -->
