<?xml version="1.0" encoding="UTF-8"?>
<!-- Generated by org.testng.reporters.JUnitReportReporter -->
<testsuite hostname="LAPTOP-I1SP28VM" failures="0" tests="1" name="com.flipkart.testing.TestPages.SmartWatches.FitBit_Test" time="0.005" errors="0" timestamp="2020-08-26T12:38:13 IST" skipped="0">
  <testcase classname="com.flipkart.testing.TestPages.SmartWatches.FitBit_Test" name="TitleVerify_Test" time="0.005"/>
  <system-out/>
</testsuite> <!-- com.flipkart.testing.TestPages.SmartWatches.FitBit_Test -->
