<?xml version="1.0" encoding="UTF-8"?>
<!-- Generated by org.testng.reporters.JUnitReportReporter -->
<testsuite hostname="LAPTOP-I1SP28VM" failures="0" tests="10" name="com.flipkart.testing.TestPages.AppleTest" time="11.786" errors="0" timestamp="2020-07-29T13:31:44 IST" skipped="0">
  <testcase classname="com.flipkart.testing.TestPages.AppleTest" name="TitleTest" time="5.015"/>
  <system-out/>
  <testcase classname="com.flipkart.testing.TestPages.AppleTest" name="PageVerification" time="0.034"/>
  <system-out/>
  <testcase classname="com.flipkart.testing.TestPages.AppleTest" name="Iphone8PlusTest" time="0.071"/>
  <system-out/>
  <testcase classname="com.flipkart.testing.TestPages.AppleTest" name="Iphone8Test" time="0.042"/>
  <system-out/>
  <testcase classname="com.flipkart.testing.TestPages.AppleTest" name="Iphone7Test" time="0.035"/>
  <system-out/>
  <testcase classname="com.flipkart.testing.TestPages.AppleTest" name="ipadTest" time="1.585"/>
  <system-out/>
  <testcase classname="com.flipkart.testing.TestPages.AppleTest" name="MacbookofferTest" time="1.573"/>
  <system-out/>
  <testcase classname="com.flipkart.testing.TestPages.AppleTest" name="MacbookAssesTest" time="1.572"/>
  <system-out/>
  <testcase classname="com.flipkart.testing.TestPages.AppleTest" name="MacbookAirTest" time="1.585"/>
  <system-out/>
  <testcase classname="com.flipkart.testing.TestPages.AppleTest" name="AppleWatchTest" time="0.274"/>
  <system-out/>
</testsuite> <!-- com.flipkart.testing.TestPages.AppleTest -->
