<?xml version="1.0" encoding="UTF-8"?>
<!-- Generated by org.testng.reporters.JUnitReportReporter -->
<testsuite hostname="LAPTOP-I1SP28VM" failures="0" tests="1" name="com.flipkart.testing.TestPages.MobileTest" time="7.306" errors="0" timestamp="2020-05-22T20:52:55 IST" skipped="0">
  <testcase classname="com.flipkart.testing.TestPages.MobileTest" name="IphonenavigationTest" time="7.306"/>
  <system-out/>
</testsuite> <!-- com.flipkart.testing.TestPages.MobileTest -->
