<?xml version="1.0" encoding="UTF-8"?>
<!-- Generated by org.testng.reporters.JUnitReportReporter -->
<testsuite hostname="LAPTOP-I1SP28VM" failures="0" tests="6" name="com.flipkart.testing.TestPages.InvalidLoginTest" time="35.674" errors="0" timestamp="2020-08-21T11:14:46 IST" skipped="0">
  <testcase classname="com.flipkart.testing.TestPages.InvalidLoginTest" name="invalidTest1" time="5.073"/>
  <system-out/>
  <testcase classname="com.flipkart.testing.TestPages.InvalidLoginTest" name="invalidTest2" time="6.241"/>
  <system-out/>
  <testcase classname="com.flipkart.testing.TestPages.InvalidLoginTest" name="invalidTest3" time="6.187"/>
  <system-out/>
  <testcase classname="com.flipkart.testing.TestPages.InvalidLoginTest" name="invalidTest4" time="5.454"/>
  <system-out/>
  <testcase classname="com.flipkart.testing.TestPages.InvalidLoginTest" name="invalidTest5" time="6.658"/>
  <system-out/>
  <testcase classname="com.flipkart.testing.TestPages.InvalidLoginTest" name="invalidTest6" time="6.061"/>
  <system-out/>
</testsuite> <!-- com.flipkart.testing.TestPages.InvalidLoginTest -->
