<?xml version="1.0" encoding="UTF-8"?>
<!-- Generated by org.testng.reporters.JUnitReportReporter -->
<testsuite hostname="LAPTOP-I1SP28VM" failures="0" tests="1" name="com.flipkart.testing.TestPages.LoginTest" time="3.046" errors="0" timestamp="2020-07-11T22:57:58 IST" skipped="0">
  <testcase classname="com.flipkart.testing.TestPages.LoginTest" name="loginTest" time="3.046"/>
  <system-out/>
</testsuite> <!-- com.flipkart.testing.TestPages.LoginTest -->
